mode: set
my-collection/server/pkg/bl/tags/tags.go:13.75,15.33 2 1
my-collection/server/pkg/bl/tags/tags.go:15.33,17.3 1 1
my-collection/server/pkg/bl/tags/tags.go:19.2,19.23 1 1
my-collection/server/pkg/bl/tags/tags.go:19.23,22.3 2 1
my-collection/server/pkg/bl/tags/tags.go:24.2,25.16 2 1
my-collection/server/pkg/bl/tags/tags.go:25.16,28.3 2 1
my-collection/server/pkg/bl/tags/tags.go:30.2,30.19 1 1
my-collection/server/pkg/bl/tags/tags.go:33.93,35.16 2 1
my-collection/server/pkg/bl/tags/tags.go:35.16,37.3 1 1
my-collection/server/pkg/bl/tags/tags.go:39.2,39.30 1 1
my-collection/server/pkg/bl/tags/tags.go:39.30,40.26 1 1
my-collection/server/pkg/bl/tags/tags.go:40.26,42.4 1 1
my-collection/server/pkg/bl/tags/tags.go:45.2,45.17 1 1
my-collection/server/pkg/bl/tags/tags.go:48.84,50.59 2 1
my-collection/server/pkg/bl/tags/tags.go:50.59,53.3 2 1
my-collection/server/pkg/bl/tags/tags.go:55.2,55.64 1 1
my-collection/server/pkg/bl/tags/tags.go:55.64,57.3 1 1
my-collection/server/pkg/bl/tags/tags.go:59.2,59.51 1 1
my-collection/server/pkg/bl/tags/tags.go:59.51,62.3 2 1
my-collection/server/pkg/bl/tags/tags.go:64.2,64.17 1 1
my-collection/server/pkg/bl/tags/tags.go:67.104,74.2 2 1
my-collection/server/pkg/bl/tags/tags.go:76.89,83.2 2 1
my-collection/server/pkg/bl/tags/tags.go:85.90,88.27 2 1
my-collection/server/pkg/bl/tags/tags.go:88.27,91.17 2 1
my-collection/server/pkg/bl/tags/tags.go:91.17,93.4 1 1
my-collection/server/pkg/bl/tags/tags.go:95.3,95.31 1 1
my-collection/server/pkg/bl/tags/tags.go:98.2,98.20 1 1
my-collection/server/pkg/bl/tags/tags.go:101.78,103.45 2 1
my-collection/server/pkg/bl/tags/tags.go:103.45,105.3 1 1
my-collection/server/pkg/bl/tags/tags.go:107.2,107.15 1 1
my-collection/server/pkg/bl/tags/tags.go:110.81,112.29 2 1
my-collection/server/pkg/bl/tags/tags.go:112.29,114.3 1 1
my-collection/server/pkg/bl/tags/tags.go:116.2,116.19 1 1
my-collection/server/pkg/bl/tags/tags.go:116.19,119.3 2 1
my-collection/server/pkg/bl/tags/tags.go:121.2,121.24 1 1
my-collection/server/pkg/bl/tags/tags.go:124.62,126.2 1 1
my-collection/server/pkg/bl/tags/tags.go:128.67,130.2 1 1
my-collection/server/pkg/bl/tags/tags.go:132.83,134.16 2 1
my-collection/server/pkg/bl/tags/tags.go:134.16,136.3 1 1
my-collection/server/pkg/bl/tags/tags.go:138.2,138.35 1 1
my-collection/server/pkg/bl/tags/tags.go:138.35,139.33 1 1
my-collection/server/pkg/bl/tags/tags.go:139.33,140.12 1 1
my-collection/server/pkg/bl/tags/tags.go:143.3,143.68 1 1
my-collection/server/pkg/bl/tags/tags.go:143.68,145.4 1 1
my-collection/server/pkg/bl/tags/tags.go:148.2,148.12 1 1
my-collection/server/pkg/bl/tags/tags_auto_image.go:17.84,19.16 2 0
my-collection/server/pkg/bl/tags/tags_auto_image.go:19.16,21.3 1 0
my-collection/server/pkg/bl/tags/tags_auto_image.go:23.2,23.44 1 0
my-collection/server/pkg/bl/tags/tags_auto_image.go:23.44,25.17 2 0
my-collection/server/pkg/bl/tags/tags_auto_image.go:25.17,27.4 1 0
my-collection/server/pkg/bl/tags/tags_auto_image.go:29.3,29.28 1 0
my-collection/server/pkg/bl/tags/tags_auto_image.go:29.28,30.20 1 0
my-collection/server/pkg/bl/tags/tags_auto_image.go:30.20,31.13 1 0
my-collection/server/pkg/bl/tags/tags_auto_image.go:34.4,35.101 2 0
my-collection/server/pkg/bl/tags/tags_auto_image.go:35.101,37.5 1 0
my-collection/server/pkg/bl/tags/tags_auto_image.go:41.2,41.12 1 0
my-collection/server/pkg/bl/tags/tags_auto_image.go:45.101,47.16 2 0
my-collection/server/pkg/bl/tags/tags_auto_image.go:47.16,50.3 2 0
my-collection/server/pkg/bl/tags/tags_auto_image.go:52.2,52.83 1 0
my-collection/server/pkg/bl/tags/tags_auto_image.go:52.83,54.3 1 0
my-collection/server/pkg/bl/tags/tags_auto_image.go:56.2,56.59 1 0
my-collection/server/pkg/bl/tags/tags_auto_image.go:59.151,60.23 1 0
my-collection/server/pkg/bl/tags/tags_auto_image.go:60.23,62.3 1 0
my-collection/server/pkg/bl/tags/tags_auto_image.go:64.2,65.16 2 0
my-collection/server/pkg/bl/tags/tags_auto_image.go:65.16,67.3 1 0
my-collection/server/pkg/bl/tags/tags_auto_image.go:68.2,68.16 1 0
my-collection/server/pkg/bl/tags/tags_auto_image.go:68.16,70.3 1 0
my-collection/server/pkg/bl/tags/tags_auto_image.go:72.2,74.16 3 0
my-collection/server/pkg/bl/tags/tags_auto_image.go:74.16,76.3 1 0
my-collection/server/pkg/bl/tags/tags_auto_image.go:78.2,78.50 1 0
my-collection/server/pkg/bl/tags/tags_auto_image.go:78.50,81.3 2 0
my-collection/server/pkg/bl/tags/tags_auto_image.go:83.2,84.46 2 0
my-collection/server/pkg/bl/tags/tags_auto_image.go:87.64,88.35 1 0
my-collection/server/pkg/bl/tags/tags_auto_image.go:88.35,89.34 1 0
my-collection/server/pkg/bl/tags/tags_auto_image.go:89.34,91.4 1 0
my-collection/server/pkg/bl/tags/tags_auto_image.go:94.2,94.14 1 0
my-collection/server/pkg/bl/tags/tags_auto_image.go:97.114,99.59 2 0
my-collection/server/pkg/bl/tags/tags_auto_image.go:99.59,101.3 1 0
my-collection/server/pkg/bl/tags/tags_auto_image.go:102.2,102.16 1 0
my-collection/server/pkg/bl/tags/tags_auto_image.go:102.16,104.3 1 0
my-collection/server/pkg/bl/tags/tags_auto_image.go:106.2,110.62 2 0
my-collection/server/pkg/bl/tags/tags_auto_image.go:110.62,112.3 1 0
my-collection/server/pkg/bl/tags/tags_auto_image.go:114.2,114.17 1 0
my-collection/server/pkg/bl/tags/tags_auto_image.go:118.55,120.16 2 0
my-collection/server/pkg/bl/tags/tags_auto_image.go:120.16,122.3 1 0
my-collection/server/pkg/bl/tags/tags_auto_image.go:123.2,123.16 1 0
my-collection/server/pkg/bl/tags/tags_auto_image.go:123.16,125.3 1 0
my-collection/server/pkg/bl/tags/tags_auto_image.go:127.2,129.16 3 0
my-collection/server/pkg/bl/tags/tags_auto_image.go:129.16,131.3 1 0
my-collection/server/pkg/bl/tags/tags_auto_image.go:133.2,133.50 1 0
my-collection/server/pkg/bl/tags/tags_auto_image.go:133.50,136.3 2 0
my-collection/server/pkg/bl/tags/tags_auto_image.go:138.2,138.28 1 0
my-collection/server/pkg/bl/tags/tags_auto_image.go:138.28,145.3 1 0
my-collection/server/pkg/bl/tags/tags_auto_image.go:147.2,147.34 1 0
my-collection/server/pkg/bl/tags/tags_auto_image.go:150.75,158.47 3 0
my-collection/server/pkg/bl/tags/tags_auto_image.go:158.47,159.43 1 0
my-collection/server/pkg/bl/tags/tags_auto_image.go:159.43,161.43 2 0
my-collection/server/pkg/bl/tags/tags_auto_image.go:161.43,162.13 1 0
my-collection/server/pkg/bl/tags/tags_auto_image.go:165.4,165.20 1 0
my-collection/server/pkg/bl/tags/tags_auto_image.go:169.2,169.16 1 0
